Picked up JAVA_TOOL_OPTIONS: -Xmx2g
Opening log file:  /tmp/java.log.19763

                            < M A T L A B (R) >
                  Copyright 1984-2022 The MathWorks, Inc.
             R2022b Update 2 (9.13.0.2105380) 64-bit (glnxa64)
                              October 26, 2022

 
To get started, type doc.
For product information, visit www.mathworks.com.
 
Starting parallel pool (parpool) using the 'Processes' profile ...
Connected to the parallel pool (number of workers: 25).

Multi-objective optimization:
8 Variable(s)
7 Linear inequality constraint(s)

Options:
CreationFcn:       @gacreationlinearfeasible
CrossoverFcn:      @crossoverintermediate
SelectionFcn:      @selectiontournament
MutationFcn:       @mutationadaptfeasible

                              Average            Average
Generation   Func-count    Pareto distance    Pareto spread
    1           100                 1                 1
    2           200                 0          0.485732
    3           300         0.0242986          0.555995
    4           400        0.00826393          0.787824
    5           500         0.0070102          0.120196
    6           600        0.00591811          0.130291
    7           700         0.0156604           0.67167
    8           800         0.0121617          0.329647
    9           900         0.0125297          0.428851
   10          1000         0.0118695          0.217665
Optimization terminated: maximum number of generations exceeded.
Elapsed time is 227.592988 seconds.

Iter   F-count   NumSolutions  Spread       AvgDistance 
   0         1         1          -            -      
   1         3         1          -            -      
   2        15         1          -            -      
   3        36         9       8.9023e-01   7.1299e-03
   4       105         2       1.0000e+00   0.0000e+00
   5       163         4       1.0000e+00   0.0000e+00
   6       193         4       0.0000e+00   0.0000e+00
   7       216         5       0.0000e+00   0.0000e+00
   8       237         5       0.0000e+00   0.0000e+00
   9       273        14       5.2670e-01   6.0943e-02
  10       576        16       8.6941e-01   2.7284e-03

Paretosearch stopped because it exceeded the iteration limit set by 'options.MaxIterations'.

Elapsed time is 228.541682 seconds.

J_unif =

    0.2010    6.3360    0.8439   -0.9121   -0.3025

