Picked up JAVA_TOOL_OPTIONS: -Xmx2g
Opening log file:  /tmp/java.log.50877

                            < M A T L A B (R) >
                  Copyright 1984-2022 The MathWorks, Inc.
             R2022b Update 2 (9.13.0.2105380) 64-bit (glnxa64)
                              October 26, 2022

 
To get started, type doc.
For product information, visit www.mathworks.com.
 
Starting parallel pool (parpool) using the 'Processes' profile ...
Connected to the parallel pool (number of workers: 30).

Multi-objective optimization:
8 Variable(s)
7 Linear inequality constraint(s)

Options:
CreationFcn:       @gacreationlinearfeasible
CrossoverFcn:      @crossoverintermediate
SelectionFcn:      @selectiontournament
MutationFcn:       @mutationadaptfeasible

                              Average            Average
Generation   Func-count    Pareto distance    Pareto spread
    1           300                 1                 1
    2           600        0.00353773          0.764062
    3           900         0.0109061          0.569113
    4          1200        0.00230823          0.724528
    5          1500        0.00285588           0.83507
    6          1800        0.00452091           0.65784
    7          2100        0.00386521          0.610804
    8          2400        0.00356867           0.52486
    9          2700        0.00336927          0.155551
   10          3000        0.00315779          0.159067
   11          3300         0.0031332          0.628834
   12          3600         0.0023455          0.533758
   13          3900        0.00241102          0.712443
   14          4200        0.00235296           0.51946
   15          4500        0.00247822          0.176558
   16          4800        0.00245053          0.182041
   17          5100         0.0024917           0.18914
   18          5400        0.00263597           0.19621
   19          5700        0.00286764          0.216957
   20          6000        0.00240782          0.596749
   21          6300        0.00254451          0.623828
   22          6600        0.00211899          0.787176
   23          6900        0.00214178          0.750286
   24          7200        0.00233933          0.566964
   25          7500        0.00232757          0.853522
   26          7800        0.00239014          0.821188
   27          8100        0.00229024          0.709324
   28          8400        0.00227801          0.782001
   29          8700        0.00219636          0.193592
   30          9000        0.00218492           0.19235

                              Average            Average
Generation   Func-count    Pareto distance    Pareto spread
   31          9300        0.00214602          0.188006
   32          9600        0.00217425          0.187946
   33          9900        0.00211379          0.182242
   34         10200        0.00211941          0.184589
   35         10500        0.00207947          0.179765
   36         10800        0.00205944          0.178627
   37         11100         0.0020195          0.180021
   38         11400        0.00206162          0.181784
   39         11700        0.00192621          0.168207
   40         12000        0.00192848          0.168133
Optimization terminated: maximum number of generations exceeded.
Elapsed time is 1813.031296 seconds.

Iter   F-count   NumSolutions  Spread       AvgDistance 
   0         1         1          -            -      
   1        11         1          -            -      
   2        16         2          -            -      
   3        30         3          -            -      
   4        93         9       9.5294e-01   9.0581e-03
   5       285        38       8.5296e-01   5.2022e-03
   6       611        18       9.7311e-01   4.7008e-03
   7       961        31       9.1236e-01   6.5962e-03
   8      1308        38       5.1479e-01   6.3500e-03
   9      1779        36       8.2218e-01   7.8092e-03
  10      2264        35       8.4928e-01   3.2743e-03
  11      2664        31       6.4191e-01   1.0255e-02
  12      3155        35       2.6272e-01   8.8642e-03
  13      3633        41       6.8564e-01   3.1354e-03
  14      4190        45       1.8537e-01   5.5638e-03
  15      4731        51       4.8142e-01   4.3603e-03
  16      5317        50       1.8307e-01   4.5481e-03
  17      5849        58       7.6649e-01   2.8045e-03
  18      6401        56       5.2469e-01   3.4714e-03
  19      7021        54       1.6728e-01   3.7102e-03
  20      7706        57       1.6234e-01   3.4105e-03
  21      8261        56       1.5123e-01   3.3213e-03
  22      8859        60       1.5424e-01   2.9373e-03

Pareto set found that satisfies the constraints. 

Optimization completed because the relative change in the distance of the Pareto set 
is less than 'options.ParetoSetChangeTolerance' and constraints are satisfied to within 
'options.ConstraintTolerance'.

Elapsed time is 1862.280004 seconds.

J_unif =

    0.2003    6.3407    0.8226   -0.9147   -0.2808

{Error using histogram
Expected input number 2, m, to be integer-valued.

Error in histogram>parseinput (line 275)
                validateattributes(in,{'numeric','logical'},{'integer', 'positive'}, ...

Error in histogram (line 145)
[opts,passthrough,dispatchToCategorical] = parseinput(args,firstaxesinput);

Error in test_cost_fun (line 80)
    histogram(fopt_GA(:,ii),nbin,Normalization="count")
} 
