Picked up JAVA_TOOL_OPTIONS: -Xmx2g
Opening log file:  /tmp/java.log.28483

                            < M A T L A B (R) >
                  Copyright 1984-2022 The MathWorks, Inc.
             R2022b Update 2 (9.13.0.2105380) 64-bit (glnxa64)
                              October 26, 2022

 
To get started, type doc.
For product information, visit www.mathworks.com.
 
Starting parallel pool (parpool) using the 'Processes' profile ...
Connected to the parallel pool (number of workers: 25).

Multi-objective optimization:
8 Variable(s)
7 Linear inequality constraint(s)

Options:
CreationFcn:       @gacreationlinearfeasible
CrossoverFcn:      @crossoverintermediate
SelectionFcn:      @selectiontournament
MutationFcn:       @mutationadaptfeasible

                              Average            Average
Generation   Func-count    Pareto distance    Pareto spread
    1            50                 1                 1
Optimization terminated: maximum number of generations exceeded.
Elapsed time is 6.390314 seconds.

Iter   F-count   NumSolutions  Spread       AvgDistance 
   0        11         1          -            -      
   1        98         1       1.0000e+00   0.0000e+00

Paretosearch stopped because it exceeded the iteration limit set by 'options.MaxIterations'.

Elapsed time is 5.108779 seconds.

J_unif =

    0.1992    6.3445    0.8520   -0.9387   -0.4083

