Picked up JAVA_TOOL_OPTIONS: -Xmx2g
Opening log file:  /tmp/java.log.7421

                            < M A T L A B (R) >
                  Copyright 1984-2022 The MathWorks, Inc.
             R2022b Update 2 (9.13.0.2105380) 64-bit (glnxa64)
                              October 26, 2022

 
To get started, type doc.
For product information, visit www.mathworks.com.
 
Starting parallel pool (parpool) using the 'Processes' profile ...
Connected to the parallel pool (number of workers: 30).


Iter     Func-count       f(x)      MeshSize     Method
    0           1        -0.2237             1      
    1           1        -0.2237           0.5     Refine Mesh
    2           1        -0.2237          0.25     Refine Mesh
    3           1        -0.2237         0.125     Refine Mesh
    4           2        -0.2645          0.25     Successful Poll
    5           2        -0.2645         0.125     Refine Mesh
    6           5       -0.28725          0.25     Successful Poll
    7           5       -0.28725         0.125     Refine Mesh
    8           7      -0.299275          0.25     Successful Poll
    9           7      -0.299275         0.125     Refine Mesh
   10           9      -0.303125          0.25     Successful Poll
   11           9      -0.303125         0.125     Refine Mesh
Maximum number of iterations exceeded: increase options.MaxIterations.

Iter   F-count   NumSolutions  Spread       Volume 
   0         1         1          -            -      
   1         5         1          -            -      
   2         6         1          -            -      
   3         7         1          -            -      
   4         8         1          -            -      
   5        14         1          -            -      
   6        15         1          -            -      
   7        40         4       9.8638e-01   1.0064e+00
   8       101         4       5.1170e-01   1.0061e+00
   9       205         3       2.7801e-01   1.0051e+00
  10       315         4       3.5485e-01   1.0068e+00

Paretosearch stopped because it exceeded the iteration limit set by 'options.MaxIterations'.


Iter   F-count   NumSolutions  Spread       Volume 
   0         1         1          -            -      
   1         3         1          -            -      
   2         5         1          -            -      
   3         6         1          -            -      
   4        12         1          -            -      
   5        14         1          -            -      
   6        22         2          -         1.0072e+00
   7        47         1          -            -      
   8        55         1          -            -      
   9        86         2          -         1.0060e+00
  10       131         3          -         1.0043e+00

Paretosearch stopped because it exceeded the iteration limit set by 'options.MaxIterations'.

slurmstepd: error: Detected 1137 oom-kill event(s) in StepId=36801855.batch. Some of your processes may have been killed by the cgroup out-of-memory handler.
